  Ball.cpp
C:\Users\ewagr\source\repos\Uni-Projects\SFML game\SFML game\SFML game\Ball.cpp(7,90): warning C4244: "argument": konwersja z "T" do "float", możliwa utrata danych
          with
          [
              T=unsigned int
          ]
C:\Users\ewagr\source\repos\Uni-Projects\SFML game\SFML game\SFML game\Ball.cpp(7,52): warning C4244: "argument": konwersja z "T" do "float", możliwa utrata danych
          with
          [
              T=unsigned int
          ]
C:\Users\ewagr\source\repos\Uni-Projects\SFML game\SFML game\SFML game\Ball.cpp(19,70): warning C4244: "argument": konwersja z "double" do "float", możliwa utrata danych
C:\Users\ewagr\source\repos\Uni-Projects\SFML game\SFML game\SFML game\Ball.cpp(19,43): warning C4244: "argument": konwersja z "unsigned int" do "float", możliwa utrata danych
C:\Users\ewagr\source\repos\Uni-Projects\SFML game\SFML game\SFML game\Ball.cpp(20,31): warning C4244: "=": konwersja z "unsigned int" do "float", możliwa utrata danych
C:\Users\ewagr\source\repos\Uni-Projects\SFML game\SFML game\SFML game\Ball.cpp(29,29): warning C4244: "argument": konwersja z "int" do "float", możliwa utrata danych
C:\Users\ewagr\source\repos\Uni-Projects\SFML game\SFML game\SFML game\Ball.cpp(29,27): warning C4244: "argument": konwersja z "int" do "float", możliwa utrata danych
LINK : warning LNK4075: zignorowano opcję „/INCREMENTAL” z powodu określenia opcji „/LTCG”
  Trwa generowanie kodu
  2 of 2007 functions (<0.1%) were compiled, the rest were copied from previous compilation.
    0 functions were new in current compilation
    17 functions had inline decision re-evaluated but remain unchanged
  Zakończono generowanie kodu
  SFML game.vcxproj -> C:\Users\ewagr\source\repos\Uni-Projects\SFML game\SFML game\x64\Release\SFML game.exe
